# JRE version: OpenJDK Runtime Environment (11.0.10) (build 11.0.10+0-b96-7281165)
# Java VM: OpenJDK 64-Bit Server VM (11.0.10+0-b96-7281165, mixed mode, tiered, compressed oops, g1 gc, bsd-amd64)
Heap:
 garbage-first heap   total 131072K, used 85732K [0x0000000780000000, 0x0000000800000000)
  region size 1024K, 56 young (57344K), 3 survivors (3072K)
 Metaspace       used 47336K, capacity 48503K, committed 48768K, reserved 1091584K
  class space    used 6049K, capacity 6470K, committed 6528K, reserved 1048576K
GC Heap History (16 events):
Event: 0.854 GC heap before
{Heap before GC invocations=0 (full 0):
 garbage-first heap   total 131072K, used 19456K [0x0000000780000000, 0x0000000800000000)
  region size 1024K, 14 young (14336K), 0 survivors (0K)
 Metaspace       used 6630K, capacity 6873K, committed 7168K, reserved 1056768K
  class space    used 571K, capacity 650K, committed 768K, reserved 1048576K
}
Event: 0.858 GC heap after
{Heap after GC invocations=1 (full 0):
 garbage-first heap   total 131072K, used 8377K [0x0000000780000000, 0x0000000800000000)
  region size 1024K, 2 young (2048K), 2 survivors (2048K)
 Metaspace       used 6630K, capacity 6873K, committed 7168K, reserved 1056768K
  class space    used 571K, capacity 650K, committed 768K, reserved 1048576K
}
Event: 1.566 GC heap before
{Heap before GC invocations=1 (full 0):
 garbage-first heap   total 131072K, used 20665K [0x0000000780000000, 0x0000000800000000)
  region size 1024K, 14 young (14336K), 2 survivors (2048K)
 Metaspace       used 10096K, capacity 10379K, committed 10624K, reserved 1058816K
  class space    used 1051K, capacity 1141K, committed 1152K, reserved 1048576K
}
Event: 1.569 GC heap after
{Heap after GC invocations=2 (full 0):
 garbage-first heap   total 131072K, used 9669K [0x0000000780000000, 0x0000000800000000)
  region size 1024K, 2 young (2048K), 2 survivors (2048K)
 Metaspace       used 10096K, capacity 10379K, committed 10624K, reserved 1058816K
  class space    used 1051K, capacity 1141K, committed 1152K, reserved 1048576K
}
Event: 2.501 GC heap before
{Heap before GC invocations=2 (full 0):
 garbage-first heap   total 131072K, used 44485K [0x0000000780000000, 0x0000000800000000)
  region size 1024K, 36 young (36864K), 2 survivors (2048K)
 Metaspace       used 11279K, capacity 11548K, committed 11904K, reserved 1060864K
  class space    used 1216K, capacity 1317K, committed 1408K, reserved 1048576K
}
Event: 2.505 GC heap after
{Heap after GC invocations=3 (full 0):
 garbage-first heap   total 131072K, used 14323K [0x0000000780000000, 0x0000000800000000)
  region size 1024K, 5 young (5120K), 5 survivors (5120K)
 Metaspace       used 11279K, capacity 11548K, committed 11904K, reserved 1060864K
  class space    used 1216K, capacity 1317K, committed 1408K, reserved 1048576K
}
Event: 5.033 GC heap before
{Heap before GC invocations=3 (full 0):
 garbage-first heap   total 131072K, used 66547K [0x0000000780000000, 0x0000000800000000)
  region size 1024K, 57 young (58368K), 5 survivors (5120K)
 Metaspace       used 20557K, capacity 21053K, committed 21248K, reserved 1067008K
  class space    used 2521K, capacity 2692K, committed 2816K, reserved 1048576K
}
Event: 5.041 GC heap after
{Heap after GC invocations=4 (full 0):
 garbage-first heap   total 131072K, used 17171K [0x0000000780000000, 0x0000000800000000)
  region size 1024K, 7 young (7168K), 7 survivors (7168K)
 Metaspace       used 20557K, capacity 21053K, committed 21248K, reserved 1067008K
  class space    used 2521K, capacity 2692K, committed 2816K, reserved 1048576K
}
Event: 6.314 GC heap before
{Heap before GC invocations=5 (full 0):
 garbage-first heap   total 131072K, used 77587K [0x0000000780000000, 0x0000000800000000)
  region size 1024K, 66 young (67584K), 7 survivors (7168K)
 Metaspace       used 26195K, capacity 26838K, committed 27008K, reserved 1073152K
  class space    used 3452K, capacity 3712K, committed 3712K, reserved 1048576K
}
Event: 6.324 GC heap after
{Heap after GC invocations=6 (full 0):
 garbage-first heap   total 131072K, used 19235K [0x0000000780000000, 0x0000000800000000)
  region size 1024K, 5 young (5120K), 5 survivors (5120K)
 Metaspace       used 26195K, capacity 26838K, committed 27008K, reserved 1073152K
  class space    used 3452K, capacity 3712K, committed 3712K, reserved 1048576K
}
Event: 7.948 GC heap before
{Heap before GC invocations=6 (full 0):
 garbage-first heap   total 131072K, used 70435K [0x0000000780000000, 0x0000000800000000)
  region size 1024K, 56 young (57344K), 5 survivors (5120K)
 Metaspace       used 34912K, capacity 35664K, committed 35840K, reserved 1081344K
  class space    used 4522K, capacity 4822K, committed 4864K, reserved 1048576K
}
Event: 7.965 GC heap after
{Heap after GC invocations=7 (full 0):
 garbage-first heap   total 131072K, used 22422K [0x0000000780000000, 0x0000000800000000)
  region size 1024K, 8 young (8192K), 8 survivors (8192K)
 Metaspace       used 34912K, capacity 35664K, committed 35840K, reserved 1081344K
  class space    used 4522K, capacity 4822K, committed 4864K, reserved 1048576K
}
Event: 9.096 GC heap before
{Heap before GC invocations=8 (full 0):
 garbage-first heap   total 131072K, used 90006K [0x0000000780000000, 0x0000000800000000)
  region size 1024K, 72 young (73728K), 8 survivors (8192K)
 Metaspace       used 39326K, capacity 40293K, committed 40576K, reserved 1085440K
  class space    used 5033K, capacity 5379K, committed 5504K, reserved 1048576K
}
Event: 9.115 GC heap after
{Heap after GC invocations=9 (full 0):
 garbage-first heap   total 131072K, used 27824K [0x0000000780000000, 0x0000000800000000)
  region size 1024K, 9 young (9216K), 9 survivors (9216K)
 Metaspace       used 39326K, capacity 40293K, committed 40576K, reserved 1085440K
  class space    used 5033K, capacity 5379K, committed 5504K, reserved 1048576K
}
Event: 10.586 GC heap before
{Heap before GC invocations=9 (full 0):
 garbage-first heap   total 131072K, used 93360K [0x0000000780000000, 0x0000000800000000)
  region size 1024K, 72 young (73728K), 9 survivors (9216K)
 Metaspace       used 44888K, capacity 46005K, committed 46208K, reserved 1089536K
  class space    used 5768K, capacity 6149K, committed 6272K, reserved 1048576K
}
Event: 10.600 GC heap after
{Heap after GC invocations=10 (full 0):
 garbage-first heap   total 131072K, used 29412K [0x0000000780000000, 0x0000000800000000)
  region size 1024K, 3 young (3072K), 3 survivors (3072K)
 Metaspace       used 44888K, capacity 46005K, committed 46208K, reserved 1089536K
  class space    used 5768K, capacity 6149K, committed 6272K, reserved 1048576K
}

