# JRE version: OpenJDK Runtime Environment (11.0.11) (build 11.0.11+0-b60-7590822)
# Java VM: OpenJDK 64-Bit Server VM (11.0.11+0-b60-7590822, mixed mode, tiered, compressed oops, g1 gc, bsd-amd64)
Heap:
 garbage-first heap   total 189440K, used 153645K [0x0000000780000000, 0x0000000800000000)
  region size 1024K, 101 young (103424K), 4 survivors (4096K)
 Metaspace       used 47332K, capacity 48483K, committed 48640K, reserved 1091584K
  class space    used 6086K, capacity 6542K, committed 6656K, reserved 1048576K
GC Heap History (20 events):
Event: 8.703 GC heap before
{Heap before GC invocations=7 (full 0):
 garbage-first heap   total 157696K, used 94359K [0x0000000780000000, 0x0000000800000000)
  region size 1024K, 69 young (70656K), 5 survivors (5120K)
 Metaspace       used 34892K, capacity 35724K, committed 35840K, reserved 1079296K
  class space    used 4659K, capacity 5016K, committed 5120K, reserved 1048576K
}
Event: 8.731 GC heap after
{Heap after GC invocations=8 (full 0):
 garbage-first heap   total 157696K, used 33342K [0x0000000780000000, 0x0000000800000000)
  region size 1024K, 8 young (8192K), 8 survivors (8192K)
 Metaspace       used 34892K, capacity 35724K, committed 35840K, reserved 1079296K
  class space    used 4659K, capacity 5016K, committed 5120K, reserved 1048576K
}
Event: 11.300 GC heap before
{Heap before GC invocations=9 (full 0):
 garbage-first heap   total 157696K, used 121406K [0x0000000780000000, 0x0000000800000000)
  region size 1024K, 92 young (94208K), 8 survivors (8192K)
 Metaspace       used 45855K, capacity 47074K, committed 47360K, reserved 1089536K
  class space    used 5916K, capacity 6347K, committed 6400K, reserved 1048576K
}
Event: 11.317 GC heap after
{Heap after GC invocations=10 (full 0):
 garbage-first heap   total 157696K, used 39440K [0x0000000780000000, 0x0000000800000000)
  region size 1024K, 10 young (10240K), 10 survivors (10240K)
 Metaspace       used 45855K, capacity 47074K, committed 47360K, reserved 1089536K
  class space    used 5916K, capacity 6347K, committed 6400K, reserved 1048576K
}
Event: 12.491 GC heap before
{Heap before GC invocations=11 (full 0):
 garbage-first heap   total 157696K, used 130576K [0x0000000780000000, 0x0000000800000000)
  region size 1024K, 89 young (91136K), 10 survivors (10240K)
 Metaspace       used 47186K, capacity 48291K, committed 48640K, reserved 1091584K
  class space    used 6079K, capacity 6542K, committed 6656K, reserved 1048576K
}
Event: 12.523 GC heap after
{Heap after GC invocations=12 (full 0):
 garbage-first heap   total 157696K, used 45223K [0x0000000780000000, 0x0000000800000000)
  region size 1024K, 2 young (2048K), 2 survivors (2048K)
 Metaspace       used 47186K, capacity 48291K, committed 48640K, reserved 1091584K
  class space    used 6079K, capacity 6542K, committed 6656K, reserved 1048576K
}
Event: 13.200 GC heap before
{Heap before GC invocations=12 (full 0):
 garbage-first heap   total 157696K, used 124071K [0x0000000780000000, 0x0000000800000000)
  region size 1024K, 79 young (80896K), 2 survivors (2048K)
 Metaspace       used 47303K, capacity 48483K, committed 48640K, reserved 1091584K
  class space    used 6086K, capacity 6542K, committed 6656K, reserved 1048576K
}
Event: 13.203 GC heap after
{Heap after GC invocations=13 (full 0):
 garbage-first heap   total 189440K, used 45002K [0x0000000780000000, 0x0000000800000000)
  region size 1024K, 2 young (2048K), 2 survivors (2048K)
 Metaspace       used 47303K, capacity 48483K, committed 48640K, reserved 1091584K
  class space    used 6086K, capacity 6542K, committed 6656K, reserved 1048576K
}
Event: 14.082 GC heap before
{Heap before GC invocations=13 (full 0):
 garbage-first heap   total 189440K, used 141258K [0x0000000780000000, 0x0000000800000000)
  region size 1024K, 96 young (98304K), 2 survivors (2048K)
 Metaspace       used 47306K, capacity 48483K, committed 48640K, reserved 1091584K
  class space    used 6086K, capacity 6542K, committed 6656K, reserved 1048576K
}
Event: 14.084 GC heap after
{Heap after GC invocations=14 (full 0):
 garbage-first heap   total 189440K, used 45585K [0x0000000780000000, 0x0000000800000000)
  region size 1024K, 3 young (3072K), 3 survivors (3072K)
 Metaspace       used 47306K, capacity 48483K, committed 48640K, reserved 1091584K
  class space    used 6086K, capacity 6542K, committed 6656K, reserved 1048576K
}
Event: 14.649 GC heap before
{Heap before GC invocations=14 (full 0):
 garbage-first heap   total 189440K, used 144913K [0x0000000780000000, 0x0000000800000000)
  region size 1024K, 100 young (102400K), 3 survivors (3072K)
 Metaspace       used 47306K, capacity 48483K, committed 48640K, reserved 1091584K
  class space    used 6086K, capacity 6542K, committed 6656K, reserved 1048576K
}
Event: 14.652 GC heap after
{Heap after GC invocations=15 (full 0):
 garbage-first heap   total 189440K, used 46414K [0x0000000780000000, 0x0000000800000000)
  region size 1024K, 4 young (4096K), 4 survivors (4096K)
 Metaspace       used 47306K, capacity 48483K, committed 48640K, reserved 1091584K
  class space    used 6086K, capacity 6542K, committed 6656K, reserved 1048576K
}
Event: 15.409 GC heap before
{Heap before GC invocations=15 (full 0):
 garbage-first heap   total 189440K, used 150862K [0x0000000780000000, 0x0000000800000000)
  region size 1024K, 105 young (107520K), 4 survivors (4096K)
 Metaspace       used 47330K, capacity 48483K, committed 48640K, reserved 1091584K
  class space    used 6086K, capacity 6542K, committed 6656K, reserved 1048576K
}
Event: 15.416 GC heap after
{Heap after GC invocations=16 (full 0):
 garbage-first heap   total 189440K, used 52063K [0x0000000780000000, 0x0000000800000000)
  region size 1024K, 9 young (9216K), 9 survivors (9216K)
 Metaspace       used 47330K, capacity 48483K, committed 48640K, reserved 1091584K
  class space    used 6086K, capacity 6542K, committed 6656K, reserved 1048576K
}
Event: 16.309 GC heap before
{Heap before GC invocations=16 (full 0):
 garbage-first heap   total 189440K, used 152415K [0x0000000780000000, 0x0000000800000000)
  region size 1024K, 107 young (109568K), 9 survivors (9216K)
 Metaspace       used 47330K, capacity 48483K, committed 48640K, reserved 1091584K
  class space    used 6086K, capacity 6542K, committed 6656K, reserved 1048576K
}
Event: 16.412 GC heap after
{Heap after GC invocations=17 (full 0):
 garbage-first heap   total 189440K, used 52848K [0x0000000780000000, 0x0000000800000000)
  region size 1024K, 8 young (8192K), 8 survivors (8192K)
 Metaspace       used 47330K, capacity 48483K, committed 48640K, reserved 1091584K
  class space    used 6086K, capacity 6542K, committed 6656K, reserved 1048576K
}
Event: 17.177 GC heap before
{Heap before GC invocations=17 (full 0):
 garbage-first heap   total 189440K, used 154224K [0x0000000780000000, 0x0000000800000000)
  region size 1024K, 107 young (109568K), 8 survivors (8192K)
 Metaspace       used 47330K, capacity 48483K, committed 48640K, reserved 1091584K
  class space    used 6086K, capacity 6542K, committed 6656K, reserved 1048576K
}
Event: 17.187 GC heap after
{Heap after GC invocations=18 (full 0):
 garbage-first heap   total 189440K, used 54190K [0x0000000780000000, 0x0000000800000000)
  region size 1024K, 8 young (8192K), 8 survivors (8192K)
 Metaspace       used 47330K, capacity 48483K, committed 48640K, reserved 1091584K
  class space    used 6086K, capacity 6542K, committed 6656K, reserved 1048576K
}
Event: 17.712 GC heap before
{Heap before GC invocations=18 (full 0):
 garbage-first heap   total 189440K, used 156590K [0x0000000780000000, 0x0000000800000000)
  region size 1024K, 108 young (110592K), 8 survivors (8192K)
 Metaspace       used 47331K, capacity 48483K, committed 48640K, reserved 1091584K
  class space    used 6086K, capacity 6542K, committed 6656K, reserved 1048576K
}
Event: 17.733 GC heap after
{Heap after GC invocations=19 (full 0):
 garbage-first heap   total 189440K, used 55341K [0x0000000780000000, 0x0000000800000000)
  region size 1024K, 4 young (4096K), 4 survivors (4096K)
 Metaspace       used 47331K, capacity 48483K, committed 48640K, reserved 1091584K
  class space    used 6086K, capacity 6542K, committed 6656K, reserved 1048576K
}

