# JRE version: OpenJDK Runtime Environment (11.0.10) (build 11.0.10+0-b96-7281165)
# Java VM: OpenJDK 64-Bit Server VM (11.0.10+0-b96-7281165, mixed mode, tiered, compressed oops, g1 gc, bsd-amd64)
Heap:
 garbage-first heap   total 189440K, used 89709K [0x0000000780000000, 0x0000000800000000)
  region size 1024K, 8 young (8192K), 5 survivors (5120K)
 Metaspace       used 67458K, capacity 69432K, committed 69708K, reserved 1110016K
  class space    used 8568K, capacity 9224K, committed 9344K, reserved 1048576K
GC Heap History (20 events):
Event: 32.266 GC heap before
{Heap before GC invocations=39 (full 0):
 garbage-first heap   total 189440K, used 161499K [0x0000000780000000, 0x0000000800000000)
  region size 1024K, 100 young (102400K), 7 survivors (7168K)
 Metaspace       used 47361K, capacity 48519K, committed 48844K, reserved 1091584K
  class space    used 6105K, capacity 6548K, committed 6656K, reserved 1048576K
}
Event: 32.270 GC heap after
{Heap after GC invocations=40 (full 0):
 garbage-first heap   total 189440K, used 66800K [0x0000000780000000, 0x0000000800000000)
  region size 1024K, 7 young (7168K), 7 survivors (7168K)
 Metaspace       used 47361K, capacity 48519K, committed 48844K, reserved 1091584K
  class space    used 6105K, capacity 6548K, committed 6656K, reserved 1048576K
}
Event: 33.061 GC heap before
{Heap before GC invocations=40 (full 0):
 garbage-first heap   total 189440K, used 161008K [0x0000000780000000, 0x0000000800000000)
  region size 1024K, 100 young (102400K), 7 survivors (7168K)
 Metaspace       used 47362K, capacity 48519K, committed 48844K, reserved 1091584K
  class space    used 6105K, capacity 6548K, committed 6656K, reserved 1048576K
}
Event: 33.066 GC heap after
{Heap after GC invocations=41 (full 0):
 garbage-first heap   total 189440K, used 68215K [0x0000000780000000, 0x0000000800000000)
  region size 1024K, 8 young (8192K), 8 survivors (8192K)
 Metaspace       used 47362K, capacity 48519K, committed 48844K, reserved 1091584K
  class space    used 6105K, capacity 6548K, committed 6656K, reserved 1048576K
}
Event: 34.629 GC heap before
{Heap before GC invocations=41 (full 0):
 garbage-first heap   total 189440K, used 161399K [0x0000000780000000, 0x0000000800000000)
  region size 1024K, 99 young (101376K), 8 survivors (8192K)
 Metaspace       used 47367K, capacity 48523K, committed 48844K, reserved 1091584K
  class space    used 6105K, capacity 6548K, committed 6656K, reserved 1048576K
}
Event: 34.637 GC heap after
{Heap after GC invocations=42 (full 0):
 garbage-first heap   total 189440K, used 69017K [0x0000000780000000, 0x0000000800000000)
  region size 1024K, 8 young (8192K), 8 survivors (8192K)
 Metaspace       used 47367K, capacity 48523K, committed 48844K, reserved 1091584K
  class space    used 6105K, capacity 6548K, committed 6656K, reserved 1048576K
}
Event: 36.090 GC heap before
{Heap before GC invocations=42 (full 0):
 garbage-first heap   total 189440K, used 163225K [0x0000000780000000, 0x0000000800000000)
  region size 1024K, 98 young (100352K), 8 survivors (8192K)
 Metaspace       used 47396K, capacity 48587K, committed 48844K, reserved 1091584K
  class space    used 6106K, capacity 6548K, committed 6656K, reserved 1048576K
}
Event: 36.092 GC heap after
{Heap after GC invocations=43 (full 0):
 garbage-first heap   total 189440K, used 63750K [0x0000000780000000, 0x0000000800000000)
  region size 1024K, 3 young (3072K), 3 survivors (3072K)
 Metaspace       used 47396K, capacity 48587K, committed 48844K, reserved 1091584K
  class space    used 6106K, capacity 6548K, committed 6656K, reserved 1048576K
}
Event: 36.974 GC heap before
{Heap before GC invocations=43 (full 0):
 garbage-first heap   total 189440K, used 162054K [0x0000000780000000, 0x0000000800000000)
  region size 1024K, 99 young (101376K), 3 survivors (3072K)
 Metaspace       used 47396K, capacity 48587K, committed 48844K, reserved 1091584K
  class space    used 6106K, capacity 6548K, committed 6656K, reserved 1048576K
}
Event: 36.976 GC heap after
{Heap after GC invocations=44 (full 0):
 garbage-first heap   total 189440K, used 65249K [0x0000000780000000, 0x0000000800000000)
  region size 1024K, 4 young (4096K), 4 survivors (4096K)
 Metaspace       used 47396K, capacity 48587K, committed 48844K, reserved 1091584K
  class space    used 6106K, capacity 6548K, committed 6656K, reserved 1048576K
}
Event: 37.696 GC heap before
{Heap before GC invocations=44 (full 0):
 garbage-first heap   total 189440K, used 163553K [0x0000000780000000, 0x0000000800000000)
  region size 1024K, 100 young (102400K), 4 survivors (4096K)
 Metaspace       used 47396K, capacity 48587K, committed 48844K, reserved 1091584K
  class space    used 6106K, capacity 6548K, committed 6656K, reserved 1048576K
}
Event: 37.702 GC heap after
{Heap after GC invocations=45 (full 0):
 garbage-first heap   total 189440K, used 67120K [0x0000000780000000, 0x0000000800000000)
  region size 1024K, 6 young (6144K), 6 survivors (6144K)
 Metaspace       used 47396K, capacity 48587K, committed 48844K, reserved 1091584K
  class space    used 6106K, capacity 6548K, committed 6656K, reserved 1048576K
}
Event: 38.369 GC heap before
{Heap before GC invocations=45 (full 0):
 garbage-first heap   total 189440K, used 166448K [0x0000000780000000, 0x0000000800000000)
  region size 1024K, 100 young (102400K), 6 survivors (6144K)
 Metaspace       used 47505K, capacity 48715K, committed 49100K, reserved 1091584K
  class space    used 6106K, capacity 6548K, committed 6656K, reserved 1048576K
}
Event: 38.374 GC heap after
{Heap after GC invocations=46 (full 0):
 garbage-first heap   total 189440K, used 65105K [0x0000000780000000, 0x0000000800000000)
  region size 1024K, 4 young (4096K), 4 survivors (4096K)
 Metaspace       used 47505K, capacity 48715K, committed 49100K, reserved 1091584K
  class space    used 6106K, capacity 6548K, committed 6656K, reserved 1048576K
}
Event: 39.605 GC heap before
{Heap before GC invocations=46 (full 0):
 garbage-first heap   total 189440K, used 162385K [0x0000000780000000, 0x0000000800000000)
  region size 1024K, 99 young (101376K), 4 survivors (4096K)
 Metaspace       used 52506K, capacity 54045K, committed 54348K, reserved 1095680K
  class space    used 6688K, capacity 7209K, committed 7296K, reserved 1048576K
}
Event: 39.628 GC heap after
{Heap after GC invocations=47 (full 0):
 garbage-first heap   total 189440K, used 70138K [0x0000000780000000, 0x0000000800000000)
  region size 1024K, 9 young (9216K), 9 survivors (9216K)
 Metaspace       used 52506K, capacity 54045K, committed 54348K, reserved 1095680K
  class space    used 6688K, capacity 7209K, committed 7296K, reserved 1048576K
}
Event: 41.210 GC heap before
{Heap before GC invocations=47 (full 0):
 garbage-first heap   total 189440K, used 163322K [0x0000000780000000, 0x0000000800000000)
  region size 1024K, 97 young (99328K), 9 survivors (9216K)
 Metaspace       used 58685K, capacity 60468K, committed 60876K, reserved 1101824K
  class space    used 7495K, capacity 8118K, committed 8192K, reserved 1048576K
}
Event: 41.233 GC heap after
{Heap after GC invocations=48 (full 0):
 garbage-first heap   total 189440K, used 82497K [0x0000000780000000, 0x0000000800000000)
  region size 1024K, 13 young (13312K), 13 survivors (13312K)
 Metaspace       used 58685K, capacity 60468K, committed 60876K, reserved 1101824K
  class space    used 7495K, capacity 8118K, committed 8192K, reserved 1048576K
}
Event: 43.134 GC heap before
{Heap before GC invocations=48 (full 0):
 garbage-first heap   total 189440K, used 150081K [0x0000000780000000, 0x0000000800000000)
  region size 1024K, 81 young (82944K), 13 survivors (13312K)
 Metaspace       used 67190K, capacity 69174K, committed 69452K, reserved 1110016K
  class space    used 8541K, capacity 9224K, committed 9344K, reserved 1048576K
}
Event: 43.160 GC heap after
{Heap after GC invocations=49 (full 0):
 garbage-first heap   total 189440K, used 87661K [0x0000000780000000, 0x0000000800000000)
  region size 1024K, 5 young (5120K), 5 survivors (5120K)
 Metaspace       used 67190K, capacity 69174K, committed 69452K, reserved 1110016K
  class space    used 8541K, capacity 9224K, committed 9344K, reserved 1048576K
}

